[debug] [2024-02-11T09:30:43.941Z] ----------------------------------------------------------------------
[debug] [2024-02-11T09:30:43.943Z] Command:       C:\Program Files\nodejs\node.exe C:\Users\Shreyash1\AppData\Roaming\npm\node_modules\firebase-tools\lib\bin\firebase.js init
[debug] [2024-02-11T09:30:43.943Z] CLI Version:   13.2.1
[debug] [2024-02-11T09:30:43.943Z] Platform:      win32
[debug] [2024-02-11T09:30:43.943Z] Node Version:  v18.13.0
[debug] [2024-02-11T09:30:43.944Z] Time:          Sun Feb 11 2024 15:00:43 GMT+0530 (India Standard Time)
[debug] [2024-02-11T09:30:43.944Z] ----------------------------------------------------------------------
[debug] 
[debug] [2024-02-11T09:30:43.950Z] > command requires scopes: ["email","openid","https://www.googleapis.com/auth/cloudplatformprojects.readonly","https://www.googleapis.com/auth/firebase","https://www.googleapis.com/auth/cloud-platform"]
[debug] [2024-02-11T09:30:43.950Z] > authorizing via signed-in user (shinchan00000007@gmail.com)
[info] 
     ######## #### ########  ######## ########     ###     ######  ########
     ##        ##  ##     ## ##       ##     ##  ##   ##  ##       ##
     ######    ##  ########  ######   ########  #########  ######  ######
     ##        ##  ##    ##  ##       ##     ## ##     ##       ## ##
     ##       #### ##     ## ######## ########  ##     ##  ######  ########

You're about to initialize a Firebase project in this directory:

  C:\OnlyCodespace

Before we get started, keep in mind:

  * You are currently outside your home directory

[info] 
=== Project Setup
[info] 
[info] First, let's associate this project directory with a Firebase project.
[info] You can create multiple project aliases by running firebase use --add, 
[info] but for now we'll just set up a default project.
[info] 
[debug] [2024-02-11T09:31:15.984Z] > refreshing access token with scopes: []
[debug] [2024-02-11T09:31:15.986Z] >>> [apiv2][query] POST https://www.googleapis.com/oauth2/v3/token [none]
[debug] [2024-02-11T09:31:15.986Z] >>> [apiv2][body] POST https://www.googleapis.com/oauth2/v3/token [omitted]
[debug] [2024-02-11T09:31:17.230Z] <<< [apiv2][status] POST https://www.googleapis.com/oauth2/v3/token 200
[debug] [2024-02-11T09:31:17.230Z] <<< [apiv2][body] POST https://www.googleapis.com/oauth2/v3/token [omitted]
[debug] [2024-02-11T09:31:17.237Z] >>> [apiv2][query] GET https://firebase.googleapis.com/v1beta1/projects pageSize=100
[debug] [2024-02-11T09:31:18.202Z] <<< [apiv2][status] GET https://firebase.googleapis.com/v1beta1/projects 200
[debug] [2024-02-11T09:31:18.202Z] <<< [apiv2][body] GET https://firebase.googleapis.com/v1beta1/projects [omitted]
[info] i  Using project codenetz (codenetz) 
[info] 
=== Hosting Setup
[debug] [2024-02-11T09:31:22.502Z] >>> [apiv2][query] GET https://firebase.googleapis.com/v1beta1/projects/codenetz [none]
[debug] [2024-02-11T09:31:23.209Z] <<< [apiv2][status] GET https://firebase.googleapis.com/v1beta1/projects/codenetz 200
[debug] [2024-02-11T09:31:23.210Z] <<< [apiv2][body] GET https://firebase.googleapis.com/v1beta1/projects/codenetz {"projectId":"codenetz","projectNumber":"627481764210","displayName":"codenetz","name":"projects/codenetz","resources":{"hostingSite":"codenetz"},"state":"ACTIVE","etag":"1_5230c051-052b-4515-88ba-437f05f0ab84"}
[info] 
[info] Your public directory is the folder (relative to your project directory) that
[info] will contain Hosting assets to be uploaded with firebase deploy. If you
[info] have a build process for your assets, use your build's output directory.
[info] 
[debug] [2024-02-11T09:32:10.565Z] >>> [apiv2][query] GET https://www.gstatic.com/firebasejs/releases.json [none]
[debug] [2024-02-11T09:32:10.660Z] <<< [apiv2][status] GET https://www.gstatic.com/firebasejs/releases.json 200
[debug] [2024-02-11T09:32:10.660Z] <<< [apiv2][body] GET https://www.gstatic.com/firebasejs/releases.json {"current":{"version":"10.8.0","browserURL":"https://www.gstatic.com/firebasejs/10.8.0/firebase.js","packageURL":"https://www.gstatic.com/firebasejs/10.8.0/firebase.tgz"},"live":{"version":"10.8","browserURL":"https://www.gstatic.com/firebasejs/live/10.8/firebase.js","packageURL":"https://www.gstatic.com/firebasejs/live/10.8/firebase.tgz"},"components":{"analytics":"https://www.gstatic.com/firebasejs/10.8.0/firebase-analytics.js","app":"https://www.gstatic.com/firebasejs/10.8.0/firebase-app.js","app-check":"https://www.gstatic.com/firebasejs/10.8.0/firebase-app-check.js","auth":"https://www.gstatic.com/firebasejs/10.8.0/firebase-auth.js","auth/cordova":"https://www.gstatic.com/firebasejs/10.8.0/firebase-auth/cordova.js","auth/web-extension":"https://www.gstatic.com/firebasejs/10.8.0/firebase-auth/web-extension.js","functions":"https://www.gstatic.com/firebasejs/10.8.0/firebase-functions.js","firestore":"https://www.gstatic.com/firebasejs/10.8.0/firebase-firestore.js","firestore/lite":"https://www.gstatic.com/firebasejs/10.8.0/firebase-firestore/lite.js","installations":"https://www.gstatic.com/firebasejs/10.8.0/firebase-installations.js","storage":"https://www.gstatic.com/firebasejs/10.8.0/firebase-storage.js","performance":"https://www.gstatic.com/firebasejs/10.8.0/firebase-performance.js","remote-config":"https://www.gstatic.com/firebasejs/10.8.0/firebase-remote-config.js","messaging":"https://www.gstatic.com/firebasejs/10.8.0/firebase-messaging.js","messaging/sw":"https://www.gstatic.com/firebasejs/10.8.0/firebase-messaging/sw.js","database":"https://www.gstatic.com/firebasejs/10.8.0/firebase-database.js","firestore.memory":"https://www.gstatic.com/firebasejs/10.8.0/firebase-firestore.memory.js"}}
[info] +  Wrote public/index.html 
[info] 
[info] i  Didn't detect a .git folder. Assuming C:\OnlyCodespace is the project root. 
[info] i  Authorizing with GitHub to upload your service account to a GitHub repository's secrets store. 
[info] 
[info] Visit this URL on this device to log in:
[info] https://github.com/login/oauth/authorize?client_id=89cf50f02ac6aaed3484&state=806076308&redirect_uri=http%3A%2F%2Flocalhost%3A9005&scope=read%3Auser%20repo%20public_repo
[info] 
[info] Waiting for authentication...
[debug] [2024-02-11T09:32:11.331Z] >>> [apiv2][query] POST https://github.com/login/oauth/access_token [none]
[debug] [2024-02-11T09:32:11.331Z] >>> [apiv2][body] POST https://github.com/login/oauth/access_token [stream]
[debug] [2024-02-11T09:32:11.657Z] <<< [apiv2][status] POST https://github.com/login/oauth/access_token 200
[debug] [2024-02-11T09:32:11.658Z] <<< [apiv2][body] POST https://github.com/login/oauth/access_token {"access_token":"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","token_type":"bearer","scope":"read:user,repo"}
[debug] [2024-02-11T09:32:11.666Z] >>> [apiv2][query] GET https://api.github.com/user [none]
[debug] [2024-02-11T09:32:11.985Z] <<< [apiv2][status] GET https://api.github.com/user 200
[debug] [2024-02-11T09:32:11.985Z] <<< [apiv2][body] GET https://api.github.com/user {"login":"Shreyash-69","id":112472764,"node_id":"U_kgDOBrQyvA","avatar_url":"https://avatars.githubusercontent.com/u/112472764?v=4","gravatar_id":"","url":"https://api.github.com/users/Shreyash-69","html_url":"https://github.com/Shreyash-69","followers_url":"https://api.github.com/users/Shreyash-69/followers","following_url":"https://api.github.com/users/Shreyash-69/following{/other_user}","gists_url":"https://api.github.com/users/Shreyash-69/gists{/gist_id}","starred_url":"https://api.github.com/users/Shreyash-69/starred{/owner}{/repo}","subscriptions_url":"https://api.github.com/users/Shreyash-69/subscriptions","organizations_url":"https://api.github.com/users/Shreyash-69/orgs","repos_url":"https://api.github.com/users/Shreyash-69/repos","events_url":"https://api.github.com/users/Shreyash-69/events{/privacy}","received_events_url":"https://api.github.com/users/Shreyash-69/received_events","type":"User","site_admin":false,"name":null,"company":null,"blog":"","location":null,"email":null,"hireable":null,"bio":null,"twitter_username":null,"public_repos":6,"public_gists":0,"followers":0,"following":0,"created_at":"2022-08-30T08:27:42Z","updated_at":"2024-02-10T14:42:06Z","private_gists":0,"total_private_repos":0,"owned_private_repos":0,"disk_usage":3093,"collaborators":0,"two_factor_authentication":false,"plan":{"name":"free","space":976562499,"collaborators":0,"private_repos":10000}}
[info] 
[info] +  Success! Logged into GitHub as Shreyash-69 
[info] 
